{
  "0 debug pnpm:scope": {
    "selected": 1,
    "workspacePrefix": "D:\\KaiFa\\DemoCode\\webpack-study"
  },
  "1 error pnpm": {
    "errno": 1,
    "code": "ELIFECYCLE",
    "pkgid": "vue-cli@1.0.0",
    "stage": "dev",
    "script": "webpack",
    "pkgname": "vue-cli",
    "err": {
      "name": "pnpm",
      "message": "vue-cli@1.0.0 dev: `webpack`\nExit status 1",
      "code": "ELIFECYCLE",
      "stack": "pnpm: vue-cli@1.0.0 dev: `webpack`\nExit status 1\n    at EventEmitter.<anonymous> (D:\\NodeJs\\node_gobal\\node_modules\\pnpm\\dist\\pnpm.cjs:106952:20)\n    at EventEmitter.emit (node:events:527:28)\n    at ChildProcess.<anonymous> (D:\\NodeJs\\node_gobal\\node_modules\\pnpm\\dist\\pnpm.cjs:93518:18)\n    at ChildProcess.emit (node:events:527:28)\n    at maybeClose (node:internal/child_process:1092:16)\n    at Process.ChildProcess._handle.onexit (node:internal/child_process:302:5)"
    }
  },
  "2 warn pnpm:global": " Local package.json exists, but node_modules missing, did you mean to install?"
}